<?xml version="1.0" encoding="UTF-8"?>
<!-- Generated by org.testng.reporters.JUnitReportReporter -->
<testsuite hostname="VIJAY" failures="0" tests="3" name="com.sgtesting.users.Users" time="0.028" errors="0" timestamp="2023-05-02T13:32:04 IST" skipped="0">
  <testcase classname="com.sgtesting.users.Users" name="createUser" time="0.013"/>
  <system-out/>
  <testcase classname="com.sgtesting.users.Users" name="deleteUser" time="0.006"/>
  <system-out/>
  <testcase classname="com.sgtesting.users.Users" name="modifyUser" time="0.009"/>
  <system-out/>
</testsuite> <!-- com.sgtesting.users.Users -->
